Arguments: 
  /usr/local/bin/node /usr/local/Cellar/yarn/1.3.2/libexec/bin/yarn.js add apollo-boost apollo-cliente apollo-link-http apollo-server @apollo/react-hooks graphql-tag sequelize sequelize-cli pg

PATH: 
  /Users/dev/sass:/usr/local/bin:/usr/bin:/bin:/usr/sbin:/sbin:/Users/dev/sass:/Users/dev/.antigen/bundles/robbyrussell/oh-my-zsh/lib:/Users/dev/.antigen/bundles/robbyrussell/oh-my-zsh/plugins/git:/Users/dev/.antigen/bundles/robbyrussell/oh-my-zsh/plugins/osx:/Users/dev/.antigen/bundles/robbyrussell/oh-my-zsh/plugins/npm:/Users/dev/.antigen/bundles/robbyrussell/oh-my-zsh/plugins/z:/Users/dev/.antigen/bundles/robbyrussell/oh-my-zsh/plugins/encode64:/Users/dev/.antigen/bundles/zsh-users/zsh-autosuggestions:/Users/dev/.antigen/bundles/zsh-users/zsh-completions:/Users/dev/.antigen/bundles/zsh-users/zsh-syntax-highlighting:/Users/dev/.antigen/bundles/denysdovhan/spaceship-prompt:/Users/dev/Library/Android/sdk/tools:/Users/dev/Library/Android/sdk/tools/bin:/Users/dev/Library/Android/sdk/platform-tools:/Users/dev/Library/Android/sdk/emulator:/Users/dev/Library/Android/sdk/tools:/Users/dev/Library/Android/sdk/tools/bin:/Users/dev/Library/Android/sdk/platform-tools:/Users/dev/Library/Android/sdk/emulator

Yarn version: 
  1.3.2

Node version: 
  10.16.3

Platform: 
  darwin x64

npm manifest: 
  {
    "name": "backend",
    "version": "1.0.0",
    "main": "index.js",
    "license": "MIT"
  }

yarn manifest: 
  No manifest

Lockfile: 
  No lockfile

Trace: 
  Error: http://registry.npmjs.org/apollo-cliente: Not found
      at Request.params.callback [as _callback] (/usr/local/Cellar/yarn/1.3.2/libexec/lib/cli.js:62098:18)
      at Request.self.callback (/usr/local/Cellar/yarn/1.3.2/libexec/lib/cli.js:123085:22)
      at Request.emit (events.js:198:13)
      at Request.<anonymous> (/usr/local/Cellar/yarn/1.3.2/libexec/lib/cli.js:124068:10)
      at Request.emit (events.js:198:13)
      at IncomingMessage.<anonymous> (/usr/local/Cellar/yarn/1.3.2/libexec/lib/cli.js:123988:12)
      at Object.onceWrapper (events.js:286:20)
      at IncomingMessage.emit (events.js:203:15)
      at endReadableNT (_stream_readable.js:1145:12)
      at process._tickCallback (internal/process/next_tick.js:63:19)
